<?xml version="1.0" encoding="UTF-8"?>
<testsuite name="rspec" tests="40" skipped="0" failures="0" errors="0" time="2.109380" timestamp="2021-03-04T08:24:47-03:00" hostname="DESKTOP-KGHGTHA">
<properties>
<property name="seed" value="54429"/>
</properties>
<testcase classname="spec.scenarios.booking_post_spec" name=" POST /equipos/{equipo_id}/bookings soliciatar locacao deve retornar 200" file="./spec/scenarios/booking_post_spec.rb" time="0.003577"></testcase>
<testcase classname="spec.scenarios.delete_equipo_spec" name="DELETE / equipos/{equipo_id} obter unico equipo deve retornar 204" file="./spec/scenarios/delete_equipo_spec.rb" time="0.000289"></testcase>
<testcase classname="spec.scenarios.delete_equipo_spec" name="DELETE / equipos/{equipo_id} equipo nao existe deve retornar 204" file="./spec/scenarios/delete_equipo_spec.rb" time="0.000117"></testcase>
<testcase classname="spec.scenarios.get_equipo_spec" name="GET / equipos/{equipo_id} obter unico equipo deve retornar 200" file="./spec/scenarios/get_equipo_spec.rb" time="0.000162"></testcase>
<testcase classname="spec.scenarios.get_equipo_spec" name="GET / equipos/{equipo_id} obter unico equipo deve retornar o nome" file="./spec/scenarios/get_equipo_spec.rb" time="0.019145"></testcase>
<testcase classname="spec.scenarios.get_equipo_spec" name="GET / equipos/{equipo_id} equipo nao existe deve retornar 404" file="./spec/scenarios/get_equipo_spec.rb" time="0.000386"></testcase>
<testcase classname="spec.scenarios.get_equipo_spec" name="GET /equipos obter uma lista deve retornar 200" file="./spec/scenarios/get_equipo_spec.rb" time="0.000223"></testcase>
<testcase classname="spec.scenarios.get_equipo_spec" name="GET /equipos obter uma lista deve retornar uma lista de equipos" file="./spec/scenarios/get_equipo_spec.rb" time="0.020487"></testcase>
<testcase classname="spec.scenarios.post_equipo_spec" name="POST /equipos novo anuncio deve retornar 200" file="./spec/scenarios/post_equipo_spec.rb" time="0.000168"></testcase>
<testcase classname="spec.scenarios.post_equipo_spec" name="POST /equipos nao autorizado deve retornar 401" file="./spec/scenarios/post_equipo_spec.rb" time="0.000114"></testcase>
<testcase classname="spec.scenarios.post_session_spec" name="POST /sessions login com sucesso valida status code" file="./spec/scenarios/post_session_spec.rb" time="0.000120"></testcase>
<testcase classname="spec.scenarios.post_session_spec" name="POST /sessions login com sucesso valida id do usuário" file="./spec/scenarios/post_session_spec.rb" time="0.000121"></testcase>
<testcase classname="spec.scenarios.post_session_spec" name="POST /sessions senha incorreta valida status code 401" file="./spec/scenarios/post_session_spec.rb" time="0.000119"></testcase>
<testcase classname="spec.scenarios.post_session_spec" name="POST /sessions senha incorreta valida id do usuário" file="./spec/scenarios/post_session_spec.rb" time="0.000131"></testcase>
<testcase classname="spec.scenarios.post_session_spec" name="POST /sessions email incorreto valida status code 401" file="./spec/scenarios/post_session_spec.rb" time="0.000166"></testcase>
<testcase classname="spec.scenarios.post_session_spec" name="POST /sessions email incorreto valida id do usuário" file="./spec/scenarios/post_session_spec.rb" time="0.000131"></testcase>
<testcase classname="spec.scenarios.post_session_spec" name="POST /sessions email em branco valida status code 412" file="./spec/scenarios/post_session_spec.rb" time="0.000209"></testcase>
<testcase classname="spec.scenarios.post_session_spec" name="POST /sessions email em branco valida id do usuário" file="./spec/scenarios/post_session_spec.rb" time="0.000207"></testcase>
<testcase classname="spec.scenarios.post_session_spec" name="POST /sessions sem o campo email valida status code 412" file="./spec/scenarios/post_session_spec.rb" time="0.000190"></testcase>
<testcase classname="spec.scenarios.post_session_spec" name="POST /sessions sem o campo email valida id do usuário" file="./spec/scenarios/post_session_spec.rb" time="0.000173"></testcase>
<testcase classname="spec.scenarios.post_session_spec" name="POST /sessions senha em branco valida status code 412" file="./spec/scenarios/post_session_spec.rb" time="0.000113"></testcase>
<testcase classname="spec.scenarios.post_session_spec" name="POST /sessions senha em branco valida id do usuário" file="./spec/scenarios/post_session_spec.rb" time="0.000124"></testcase>
<testcase classname="spec.scenarios.post_session_spec" name="POST /sessions sem campo senha valida status code 412" file="./spec/scenarios/post_session_spec.rb" time="0.000142"></testcase>
<testcase classname="spec.scenarios.post_session_spec" name="POST /sessions sem campo senha valida id do usuário" file="./spec/scenarios/post_session_spec.rb" time="0.000178"></testcase>
<testcase classname="spec.scenarios.post_signup_spec" name="POST /signup novo usuario valida status code" file="./spec/scenarios/post_signup_spec.rb" time="0.000194"></testcase>
<testcase classname="spec.scenarios.post_signup_spec" name="POST /signup novo usuario valida id do usuário" file="./spec/scenarios/post_signup_spec.rb" time="0.000145"></testcase>
<testcase classname="spec.scenarios.post_signup_spec" name="POST /signup usuario ja existe deve retornar 409" file="./spec/scenarios/post_signup_spec.rb" time="0.000205"></testcase>
<testcase classname="spec.scenarios.post_signup_spec" name="POST /signup usuario ja existe deve retornar mensagem" file="./spec/scenarios/post_signup_spec.rb" time="0.000273"></testcase>
<testcase classname="spec.scenarios.post_signup_spec" name="POST /signup nome em branco valida status code 412" file="./spec/scenarios/post_signup_spec.rb" time="0.000168"></testcase>
<testcase classname="spec.scenarios.post_signup_spec" name="POST /signup nome em branco valida id do usuário" file="./spec/scenarios/post_signup_spec.rb" time="0.000402"></testcase>
<testcase classname="spec.scenarios.post_signup_spec" name="POST /signup sem campo nome valida status code 412" file="./spec/scenarios/post_signup_spec.rb" time="0.000153"></testcase>
<testcase classname="spec.scenarios.post_signup_spec" name="POST /signup sem campo nome valida id do usuário" file="./spec/scenarios/post_signup_spec.rb" time="0.000166"></testcase>
<testcase classname="spec.scenarios.post_signup_spec" name="POST /signup email em branco valida status code 412" file="./spec/scenarios/post_signup_spec.rb" time="0.000114"></testcase>
<testcase classname="spec.scenarios.post_signup_spec" name="POST /signup email em branco valida id do usuário" file="./spec/scenarios/post_signup_spec.rb" time="0.000131"></testcase>
<testcase classname="spec.scenarios.post_signup_spec" name="POST /signup sem o campo email valida status code 412" file="./spec/scenarios/post_signup_spec.rb" time="0.000147"></testcase>
<testcase classname="spec.scenarios.post_signup_spec" name="POST /signup sem o campo email valida id do usuário" file="./spec/scenarios/post_signup_spec.rb" time="0.000142"></testcase>
<testcase classname="spec.scenarios.post_signup_spec" name="POST /signup senha em branco valida status code 412" file="./spec/scenarios/post_signup_spec.rb" time="0.000135"></testcase>
<testcase classname="spec.scenarios.post_signup_spec" name="POST /signup senha em branco valida id do usuário" file="./spec/scenarios/post_signup_spec.rb" time="0.000147"></testcase>
<testcase classname="spec.scenarios.post_signup_spec" name="POST /signup sem campo senha valida status code 412" file="./spec/scenarios/post_signup_spec.rb" time="0.000649"></testcase>
<testcase classname="spec.scenarios.post_signup_spec" name="POST /signup sem campo senha valida id do usuário" file="./spec/scenarios/post_signup_spec.rb" time="0.000193"></testcase>
</testsuite>
